<?xml version="1.0" encoding="UTF-8" ?>
<testsuite tests="20" failures="0" name="TestSuite" time="2.517" errors="0" skipped="0">
  <properties>
    <property name="java.runtime.name" value="Java(TM) SE Runtime Environment"/>
    <property name="sun.boot.library.path" value="C:\Program Files\Java\jdk1.8.0_111\jre\bin"/>
    <property name="java.vm.version" value="25.111-b14"/>
    <property name="java.vm.vendor" value="Oracle Corporation"/>
    <property name="maven.multiModuleProjectDirectory" value="C:\Users\Санька\IdeaProjects\StudentHibernate"/>
    <property name="java.vendor.url" value="http://java.oracle.com/"/>
    <property name="path.separator" value=";"/>
    <property name="guice.disable.misplaced.annotation.check" value="true"/>
    <property name="java.vm.name" value="Java HotSpot(TM) 64-Bit Server VM"/>
    <property name="file.encoding.pkg" value="sun.io"/>
    <property name="user.script" value=""/>
    <property name="user.country" value="RU"/>
    <property name="sun.java.launcher" value="SUN_STANDARD"/>
    <property name="sun.os.patch.level" value=""/>
    <property name="java.vm.specification.name" value="Java Virtual Machine Specification"/>
    <property name="user.dir" value="C:\Users\Санька\IdeaProjects\StudentHibernate"/>
    <property name="java.runtime.version" value="1.8.0_111-b14"/>
    <property name="java.awt.graphicsenv" value="sun.awt.Win32GraphicsEnvironment"/>
    <property name="java.endorsed.dirs" value="C:\Program Files\Java\jdk1.8.0_111\jre\lib\endorsed"/>
    <property name="os.arch" value="amd64"/>
    <property name="java.io.tmpdir" value="C:\Users\CFBF~1\AppData\Local\Temp\"/>
    <property name="line.separator" value="
"/>
    <property name="java.vm.specification.vendor" value="Oracle Corporation"/>
    <property name="user.variant" value=""/>
    <property name="os.name" value="Windows 8.1"/>
    <property name="classworlds.conf" value="C:\Program Files\apache-maven-3.3.9\bin\m2.conf"/>
    <property name="sun.jnu.encoding" value="Cp1251"/>
    <property name="java.library.path" value="C:\Program Files\Java\jdk1.8.0_111\bin;C:\Windows\Sun\Java\bin;C:\Windows\system32;C:\Windows;C:\ProgramData\Oracle\Java\javapath;C:\Windows\system32;C:\Windows;C:\Windows\System32\Wbem;C:\Windows\System32\WindowsPowerShell\v1.0\;C:\Program Files (x86)\NVIDIA Corporation\PhysX\Common;C:\Program Files (x86)\Skype\Phone;C:\Program Files\Java\jdk1.7.0_79\bin;C:\Program Files (x86)\Opera;C:\Program Files (x86)\MySQL\MySQL Fabric 1.5 &amp; MySQL Utilities 1.5\;C:\Program Files (x86)\MySQL\MySQL Fabric 1.5 &amp; MySQL Utilities 1.5\Doctrine extensions for PHP\;C:\Program Files\Apache Software Foundation\Tomcat 8.5\bin;C:\Program Files\Apache Software Foundation\Tomcat 8.5\webapps\myApp\WEB-INF\classes\start\lessons\lesson10\task2\resources;C:\Program Files\apache-tomcat-8.5.4\bin;C:\Users\Санька\Desktop\start\lessons\lesson10\task2\resources;C:\Program Files\Git\cmd;C:\Program Files\Gradle\gradle-3.1\bin;C:\Program Files\apache-maven-3.3.9\bin;."/>
    <property name="java.specification.name" value="Java Platform API Specification"/>
    <property name="java.class.version" value="52.0"/>
    <property name="sun.management.compiler" value="HotSpot 64-Bit Tiered Compilers"/>
    <property name="os.version" value="6.3"/>
    <property name="user.home" value="C:\Users\Санька"/>
    <property name="user.timezone" value="Europe/Moscow"/>
    <property name="java.awt.printerjob" value="sun.awt.windows.WPrinterJob"/>
    <property name="java.specification.version" value="1.8"/>
    <property name="file.encoding" value="Cp1251"/>
    <property name="user.name" value="Санька"/>
    <property name="java.class.path" value="C:\Program Files\apache-maven-3.3.9\boot\plexus-classworlds-2.5.2.jar"/>
    <property name="java.vm.specification.version" value="1.8"/>
    <property name="sun.arch.data.model" value="64"/>
    <property name="java.home" value="C:\Program Files\Java\jdk1.8.0_111\jre"/>
    <property name="sun.java.command" value="org.codehaus.plexus.classworlds.launcher.Launcher clean package"/>
    <property name="java.specification.vendor" value="Oracle Corporation"/>
    <property name="user.language" value="ru"/>
    <property name="awt.toolkit" value="sun.awt.windows.WToolkit"/>
    <property name="java.vm.info" value="mixed mode"/>
    <property name="java.version" value="1.8.0_111"/>
    <property name="java.ext.dirs" value="C:\Program Files\Java\jdk1.8.0_111\jre\lib\ext;C:\Windows\Sun\Java\lib\ext"/>
    <property name="sun.boot.class.path" value="C:\Program Files\Java\jdk1.8.0_111\jre\lib\resources.jar;C:\Program Files\Java\jdk1.8.0_111\jre\lib\rt.jar;C:\Program Files\Java\jdk1.8.0_111\jre\lib\sunrsasign.jar;C:\Program Files\Java\jdk1.8.0_111\jre\lib\jsse.jar;C:\Program Files\Java\jdk1.8.0_111\jre\lib\jce.jar;C:\Program Files\Java\jdk1.8.0_111\jre\lib\charsets.jar;C:\Program Files\Java\jdk1.8.0_111\jre\lib\jfr.jar;C:\Program Files\Java\jdk1.8.0_111\jre\classes"/>
    <property name="sun.stderr.encoding" value="cp866"/>
    <property name="java.vendor" value="Oracle Corporation"/>
    <property name="maven.home" value="C:\Program Files\apache-maven-3.3.9"/>
    <property name="file.separator" value="\"/>
    <property name="java.vendor.url.bug" value="http://bugreport.sun.com/bugreport/"/>
    <property name="sun.cpu.endian" value="little"/>
    <property name="sun.io.unicode.encoding" value="UnicodeLittle"/>
    <property name="sun.stdout.encoding" value="cp866"/>
    <property name="sun.desktop" value="windows"/>
    <property name="sun.cpu.isalist" value="amd64"/>
  </properties>
  <testcase classname="com.kubar.universityapp.service.AttendServiceTest" name="testAttendCreate" time="0.596"/>
  <testcase classname="com.kubar.universityapp.service.AttendServiceTest" name="testAttendDelete" time="0.097"/>
  <testcase classname="com.kubar.universityapp.service.AttendServiceTest" name="testAttendFindById" time="0.128"/>
  <testcase classname="com.kubar.universityapp.service.AttendServiceTest" name="testAttendGetAll" time="0.055"/>
  <testcase classname="com.kubar.universityapp.service.AttendServiceTest" name="testAttendUpdate" time="0.138"/>
  <testcase classname="com.kubar.universityapp.service.RatingServiceTest" name="testRatingCreate" time="0.197"/>
  <testcase classname="com.kubar.universityapp.service.RatingServiceTest" name="testRatingDelete" time="0.045"/>
  <testcase classname="com.kubar.universityapp.service.RatingServiceTest" name="testRatingFindById" time="0.148"/>
  <testcase classname="com.kubar.universityapp.service.RatingServiceTest" name="testRatingGetAll" time="0.033"/>
  <testcase classname="com.kubar.universityapp.service.RatingServiceTest" name="testRatingUpdate" time="0.113"/>
  <testcase classname="com.kubar.universityapp.service.StudentServiceTest" name="testStudentCreate" time="0.092"/>
  <testcase classname="com.kubar.universityapp.service.StudentServiceTest" name="testStudentDelete" time="0.141"/>
  <testcase classname="com.kubar.universityapp.service.StudentServiceTest" name="testStudentFindById" time="0.311"/>
  <testcase classname="com.kubar.universityapp.service.StudentServiceTest" name="testStudentGetAll" time="0.001"/>
  <testcase classname="com.kubar.universityapp.service.StudentServiceTest" name="testStudentUpdate" time="0.232"/>
  <testcase classname="com.kubar.universityapp.service.SubjectServiceTest" name="testSubjectCreate" time="0.019"/>
  <testcase classname="com.kubar.universityapp.service.SubjectServiceTest" name="testSubjectDelete" time="0.049"/>
  <testcase classname="com.kubar.universityapp.service.SubjectServiceTest" name="testSubjectFindById" time="0.032"/>
  <testcase classname="com.kubar.universityapp.service.SubjectServiceTest" name="testSubjectGetAll" time="0.026"/>
  <testcase classname="com.kubar.universityapp.service.SubjectServiceTest" name="testSubjectUpdate" time="0.064"/>
</testsuite>