<?xml version="1.0" encoding="UTF-8"?>
<!-- Generated by org.testng.reporters.JUnitReportReporter -->
<testsuite hostname="RoboKub" name="com.kubar.universityapp.service.AttendServiceTest" tests="5" failures="0" timestamp="29 Nov 2016 15:52:55 GMT" time="2.031" errors="0">
  <testcase name="testAttendUpdate" time="0.181" classname="com.kubar.universityapp.service.AttendServiceTest"/>
  <testcase name="testAttendGetAll" time="0.152" classname="com.kubar.universityapp.service.AttendServiceTest"/>
  <testcase name="testAttendFindById" time="0.517" classname="com.kubar.universityapp.service.AttendServiceTest"/>
  <testcase name="testAttendCreate" time="0.876" classname="com.kubar.universityapp.service.AttendServiceTest"/>
  <testcase name="testAttendDelete" time="0.305" classname="com.kubar.universityapp.service.AttendServiceTest"/>
</testsuite> <!-- com.kubar.universityapp.service.AttendServiceTest -->
