<?xml version="1.0" encoding="UTF-8"?>
<!-- Generated by org.testng.reporters.JUnitReportReporter -->
<testsuite hostname="RoboKub" name="com.kubar.universityapp.service.RatingServiceTest" tests="5" failures="0" timestamp="29 Nov 2016 15:52:55 GMT" time="1.763" errors="0">
  <testcase name="testRatingFindById" time="0.225" classname="com.kubar.universityapp.service.RatingServiceTest"/>
  <testcase name="testRatingCreate" time="0.488" classname="com.kubar.universityapp.service.RatingServiceTest"/>
  <testcase name="testRatingUpdate" time="0.428" classname="com.kubar.universityapp.service.RatingServiceTest"/>
  <testcase name="testRatingGetAll" time="0.312" classname="com.kubar.universityapp.service.RatingServiceTest"/>
  <testcase name="testRatingDelete" time="0.310" classname="com.kubar.universityapp.service.RatingServiceTest"/>
</testsuite> <!-- com.kubar.universityapp.service.RatingServiceTest -->
