<?xml version="1.0" encoding="UTF-8"?>
<!-- Generated by org.testng.reporters.JUnitReportReporter -->
<testsuite hostname="RoboKub" name="com.kubar.universityapp.service.StudentServiceTest" tests="5" failures="0" timestamp="29 Nov 2016 15:52:55 GMT" time="2.126" errors="0">
  <testcase name="testStudentCreate" time="0.290" classname="com.kubar.universityapp.service.StudentServiceTest"/>
  <testcase name="testStudentGetAll" time="0.563" classname="com.kubar.universityapp.service.StudentServiceTest"/>
  <testcase name="testStudentDelete" time="0.285" classname="com.kubar.universityapp.service.StudentServiceTest"/>
  <testcase name="testStudentUpdate" time="0.520" classname="com.kubar.universityapp.service.StudentServiceTest"/>
  <testcase name="testStudentFindById" time="0.468" classname="com.kubar.universityapp.service.StudentServiceTest"/>
</testsuite> <!-- com.kubar.universityapp.service.StudentServiceTest -->
