<?xml version="1.0" encoding="UTF-8"?>
<!-- Generated by org.testng.reporters.JUnitReportReporter -->
<testsuite hostname="RoboKub" name="com.kubar.universityapp.service.SubjectServiceTest" tests="5" failures="0" timestamp="29 Nov 2016 15:52:55 GMT" time="1.237" errors="0">
  <testcase name="testSubjectFindById" time="0.277" classname="com.kubar.universityapp.service.SubjectServiceTest"/>
  <testcase name="testSubjectCreate" time="0.324" classname="com.kubar.universityapp.service.SubjectServiceTest"/>
  <testcase name="testSubjectGetAll" time="0.265" classname="com.kubar.universityapp.service.SubjectServiceTest"/>
  <testcase name="testSubjectUpdate" time="0.212" classname="com.kubar.universityapp.service.SubjectServiceTest"/>
  <testcase name="testSubjectDelete" time="0.159" classname="com.kubar.universityapp.service.SubjectServiceTest"/>
</testsuite> <!-- com.kubar.universityapp.service.SubjectServiceTest -->
